0 info it worked if it ends with ok
1 verbose cli [ 'node', '/usr/local/bin/npm', 'run', 'dev' ]
2 info using npm@3.4.0
3 info using node@v0.12.7
4 verbose node symlink /usr/local/bin/node
5 verbose run-script [ 'predev', 'dev', 'postdev' ]
6 info lifecycle pandaxpress@1.0.0~predev: pandaxpress@1.0.0
7 silly lifecycle pandaxpress@1.0.0~predev: no script for predev, continuing
8 info lifecycle pandaxpress@1.0.0~dev: pandaxpress@1.0.0
9 verbose lifecycle pandaxpress@1.0.0~dev: unsafe-perm in lifecycle true
10 verbose lifecycle pandaxpress@1.0.0~dev: PATH: /usr/local/lib/node_modules/npm/bin/node-gyp-bin:/Users/israelvicars/Github/nodecetera/express/samples/node_modules/.bin:/usr/local/heroku/bin:/usr/local/bin:/usr/local/bin:/usr/bin:/bin:/usr/sbin:/sbin:/usr/local/git/bin:/Users/israelvicars/.rvm/bin:/Users/israelvicars/Development/Android-SDKs/platform-tools:/Users/israelvicars/Development/Android-SDKs/sdk/tools
11 verbose lifecycle pandaxpress@1.0.0~dev: CWD: /Users/israelvicars/Github/nodecetera/express/samples
12 silly lifecycle pandaxpress@1.0.0~dev: Args: [ '-c', 'nodemmon index.js' ]
13 info lifecycle pandaxpress@1.0.0~dev: Failed to exec dev script
14 verbose stack Error: pandaxpress@1.0.0 dev: `nodemmon index.js`
14 verbose stack spawn ENOENT
14 verbose stack     at ChildProcess.<anonymous> (/usr/local/lib/node_modules/npm/lib/utils/spawn.js:17:16)
14 verbose stack     at ChildProcess.emit (events.js:110:17)
14 verbose stack     at maybeClose (child_process.js:1015:16)
14 verbose stack     at Process.ChildProcess._handle.onexit (child_process.js:1087:5)
15 verbose pkgid pandaxpress@1.0.0
16 verbose cwd /Users/israelvicars/Github/nodecetera/express/samples
17 error Darwin 15.2.0
18 error argv "node" "/usr/local/bin/npm" "run" "dev"
19 error node v0.12.7
20 error npm  v3.4.0
21 error file sh
22 error code ELIFECYCLE
23 error errno ENOENT
24 error syscall spawn
25 error pandaxpress@1.0.0 dev: `nodemmon index.js`
25 error spawn ENOENT
26 error Failed at the pandaxpress@1.0.0 dev script 'nodemmon index.js'.
26 error Make sure you have the latest version of node.js and npm installed.
26 error If you do, this is most likely a problem with the pandaxpress package,
26 error not with npm itself.
26 error Tell the author that this fails on your system:
26 error     nodemmon index.js
26 error You can get their info via:
26 error     npm owner ls pandaxpress
26 error There is likely additional logging output above.
27 verbose exit [ 1, true ]
